<?xml version="1.0" encoding="UTF-8"?>
<testng-results skipped="0" failed="0" ignored="0" total="1" passed="1">
  <reporter-output>
  </reporter-output>
  <suite name="Default suite" duration-ms="16131" started-at="2022-08-17T16:39:24 IST" finished-at="2022-08-17T16:39:40 IST">
    <groups>
    </groups>
    <test name="Default test" duration-ms="16131" started-at="2022-08-17T16:39:24 IST" finished-at="2022-08-17T16:39:40 IST">
      <class name="com.learnautomation.testcases.LoginTestCRM">
        <test-method status="PASS" signature="setUpSuite()[pri:0, instance:com.learnautomation.testcases.LoginTestCRM@262b2c86]" name="setUpSuite" is-config="true" duration-ms="939" started-at="2022-08-17T16:39:23 IST" finished-at="2022-08-17T16:39:24 IST">
          <reporter-output>
          </reporter-output>
        </test-method> <!-- setUpSuite -->
        <test-method status="PASS" signature="setup()[pri:0, instance:com.learnautomation.testcases.LoginTestCRM@262b2c86]" name="setup" is-config="true" duration-ms="6847" started-at="2022-08-17T16:39:24 IST" finished-at="2022-08-17T16:39:30 IST">
          <reporter-output>
          </reporter-output>
        </test-method> <!-- setup -->
        <test-method status="PASS" signature="loginApp()[pri:1, instance:com.learnautomation.testcases.LoginTestCRM@262b2c86]" name="loginApp" duration-ms="8539" started-at="2022-08-17T16:39:30 IST" finished-at="2022-08-17T16:39:39 IST">
          <reporter-output>
          </reporter-output>
        </test-method> <!-- loginApp -->
        <test-method status="PASS" signature="tearDownMethod(org.testng.ITestResult)[pri:0, instance:com.learnautomation.testcases.LoginTestCRM@262b2c86]" name="tearDownMethod" is-config="true" duration-ms="702" started-at="2022-08-17T16:39:39 IST" finished-at="2022-08-17T16:39:40 IST">
          <params>
            <param index="0">
              <value>
                <![CDATA[[TestResult name=loginApp status=SUCCESS method=LoginTestCRM.loginApp()[pri:1, instance:com.learnautomation.testcases.LoginTestCRM@262b2c86] output={null}]]]>
              </value>
            </param>
          </params>
          <reporter-output>
          </reporter-output>
        </test-method> <!-- tearDownMethod -->
      </class> <!-- com.learnautomation.testcases.LoginTestCRM -->
    </test> <!-- Default test -->
  </suite> <!-- Default suite -->
</testng-results>
