<?xml version="1.0" encoding="UTF-8"?>
<!-- Generated by org.testng.reporters.JUnitXMLReporter -->
<testsuite hostname="Safas-MacBook-Air.local" ignored="1" name="Test" tests="1" failures="1" timestamp="2022-08-17T16:18:38 IST" time="6.853" errors="0">
  <testcase name="@AfterMethod tearDownMethod" time="0.299" classname="com.learnautomation.testcases.BaseClass">
    <failure type="java.lang.NullPointerException">
      <![CDATA[java.lang.NullPointerException
at com.learnautomation.testcases.BaseClass.tearDownMethod(BaseClass.java:65)
at java.util.ArrayList.forEach(ArrayList.java:1259)
... Removed 32 stack frames]]>
    </failure>
  </testcase> <!-- @AfterMethod tearDownMethod -->
  <testcase name="@AfterClass tearDown" time="-1.660733313607E9" classname="com.learnautomation.testcases.BaseClass">
    <skipped/>
  </testcase> <!-- @AfterClass tearDown -->
  <testcase name="loginApp" time="0.007" classname="com.learnautomation.testcases.LoginTestCRM">
    <failure type="java.lang.NullPointerException">
      <![CDATA[java.lang.NullPointerException
at com.learnautomation.testcases.LoginTestCRM.loginApp(LoginTestCRM.java:23)
at java.util.ArrayList.forEach(ArrayList.java:1259)
... Removed 27 stack frames]]>
    </failure>
  </testcase> <!-- loginApp -->
  <testcase name="@BeforeSuite setUpSuite" time="0.0" classname="com.learnautomation.testcases.BaseClass">
    <ignored/>
  </testcase> <!-- @BeforeSuite setUpSuite -->
</testsuite> <!-- Test -->
